12:56:42:281  INFO 49364 --- [main] com.hmall.pay.PayApplication             : Starting PayApplication using Java 11.0.6 on moi with PID 49364 (D:\IdeaProjects\Microservices\day03\hmall\pay-service\target\classes started by 32723 in D:\IdeaProjects\Microservices\day03\hmall)
12:56:42:289 DEBUG 49364 --- [main] com.hmall.pay.PayApplication             : Running with Spring Boot v2.7.12, Spring v5.3.27
12:56:42:289  INFO 49364 --- [main] com.hmall.pay.PayApplication             : The following 1 profile is active: "local"
12:56:44:134  INFO 49364 --- [main] o.s.cloud.context.scope.GenericScope     : BeanFactory id=4ca4d8a4-2c03-3b5d-955f-c03cd3a6a5ef
12:56:44:754  INFO 49364 --- [main] o.s.b.w.embedded.tomcat.TomcatWebServer  : Tomcat initialized with port(s): 8085 (http)
12:56:44:770  INFO 49364 --- [main] o.apache.catalina.core.StandardService   : Starting service [Tomcat]
12:56:44:771  INFO 49364 --- [main] org.apache.catalina.core.StandardEngine  : Starting Servlet engine: [Apache Tomcat/9.0.75]
12:56:45:056  INFO 49364 --- [main] o.a.c.c.C.[Tomcat].[localhost].[/]       : Initializing Spring embedded WebApplicationContext
12:56:45:057  INFO 49364 --- [main] w.s.c.ServletWebServerApplicationContext : Root WebApplicationContext: initialization completed in 2684 ms
12:56:45:418  INFO 49364 --- [main] o.s.c.openfeign.FeignClientFactoryBean   : For 'user-service' URL not provided. Will try picking an instance via load-balancing.
12:56:45:522  INFO 49364 --- [main] o.s.c.openfeign.FeignClientFactoryBean   : For 'trade-service' URL not provided. Will try picking an instance via load-balancing.
12:56:47:887  INFO 49364 --- [main] pertySourcedRequestMappingHandlerMapping : Mapped URL path [/v2/api-docs] onto method [springfox.documentation.swagger2.web.Swagger2ControllerWebMvc#getDocumentation(String, HttpServletRequest)]
12:56:49:414  INFO 49364 --- [main] o.s.cloud.commons.util.InetUtils         : Cannot determine local hostname
12:56:49:697  INFO 49364 --- [main] o.s.b.w.embedded.tomcat.TomcatWebServer  : Tomcat started on port(s): 8085 (http) with context path ''
12:56:51:073  INFO 49364 --- [main] o.s.cloud.commons.util.InetUtils         : Cannot determine local hostname
12:56:51:074  INFO 49364 --- [main] d.s.w.p.DocumentationPluginsBootstrapper : Documentation plugins bootstrapped
12:56:51:079  INFO 49364 --- [main] d.s.w.p.DocumentationPluginsBootstrapper : Found 1 custom documentation plugin(s)
12:56:51:125  INFO 49364 --- [main] s.d.s.w.s.ApiListingReferenceScanner     : Scanning for api listing references
12:56:51:332  INFO 49364 --- [main] com.hmall.pay.PayApplication             : Started PayApplication in 11.156 seconds (JVM running for 12.467)
15:05:17:469  INFO 6172 --- [main] com.hmall.pay.PayApplication             : Starting PayApplication using Java 11.0.6 on moi with PID 6172 (D:\IdeaProjects\Microservices\day03\hmall\pay-service\target\classes started by 32723 in D:\IdeaProjects\Microservices\day03\hmall)
15:05:17:474 DEBUG 6172 --- [main] com.hmall.pay.PayApplication             : Running with Spring Boot v2.7.12, Spring v5.3.27
15:05:17:475  INFO 6172 --- [main] com.hmall.pay.PayApplication             : The following 1 profile is active: "local"
15:05:19:171  INFO 6172 --- [main] o.s.cloud.context.scope.GenericScope     : BeanFactory id=4ca4d8a4-2c03-3b5d-955f-c03cd3a6a5ef
15:05:19:758  INFO 6172 --- [main] o.s.b.w.embedded.tomcat.TomcatWebServer  : Tomcat initialized with port(s): 8085 (http)
15:05:19:773  INFO 6172 --- [main] o.apache.catalina.core.StandardService   : Starting service [Tomcat]
15:05:19:773  INFO 6172 --- [main] org.apache.catalina.core.StandardEngine  : Starting Servlet engine: [Apache Tomcat/9.0.75]
15:05:19:949  INFO 6172 --- [main] o.a.c.c.C.[Tomcat].[localhost].[/]       : Initializing Spring embedded WebApplicationContext
15:05:19:950  INFO 6172 --- [main] w.s.c.ServletWebServerApplicationContext : Root WebApplicationContext: initialization completed in 2403 ms
15:05:20:255  INFO 6172 --- [main] o.s.c.openfeign.FeignClientFactoryBean   : For 'user-service' URL not provided. Will try picking an instance via load-balancing.
15:05:20:374  INFO 6172 --- [main] o.s.c.openfeign.FeignClientFactoryBean   : For 'trade-service' URL not provided. Will try picking an instance via load-balancing.
15:05:22:358  INFO 6172 --- [main] pertySourcedRequestMappingHandlerMapping : Mapped URL path [/v2/api-docs] onto method [springfox.documentation.swagger2.web.Swagger2ControllerWebMvc#getDocumentation(String, HttpServletRequest)]
15:05:23:860  INFO 6172 --- [main] o.s.cloud.commons.util.InetUtils         : Cannot determine local hostname
15:05:24:121  INFO 6172 --- [main] o.s.b.w.embedded.tomcat.TomcatWebServer  : Tomcat started on port(s): 8085 (http) with context path ''
15:05:25:454  INFO 6172 --- [main] o.s.cloud.commons.util.InetUtils         : Cannot determine local hostname
15:05:25:455  INFO 6172 --- [main] d.s.w.p.DocumentationPluginsBootstrapper : Documentation plugins bootstrapped
15:05:25:461  INFO 6172 --- [main] d.s.w.p.DocumentationPluginsBootstrapper : Found 1 custom documentation plugin(s)
15:05:25:504  INFO 6172 --- [main] s.d.s.w.s.ApiListingReferenceScanner     : Scanning for api listing references
15:05:25:707  INFO 6172 --- [main] com.hmall.pay.PayApplication             : Started PayApplication in 10.294 seconds (JVM running for 11.401)
