12:57:00:207  INFO 58036 --- [main] com.hmall.trade.TradeApplication         : The following 1 profile is active: "local"
12:57:01:791  INFO 58036 --- [main] o.s.cloud.context.scope.GenericScope     : BeanFactory id=5bb5298d-0c88-35b6-a332-2eabbd393d01
12:57:01:920  INFO 58036 --- [main] trationDelegate$BeanPostProcessorChecker : Bean 'io.seata.spring.boot.autoconfigure.SeataCoreAutoConfiguration' of type [io.seata.spring.boot.autoconfigure.SeataCoreAutoConfiguration] is not eligible for getting processed by all BeanPostProcessors (for example: not eligible for auto-proxying)
12:57:01:921  INFO 58036 --- [main] trationDelegate$BeanPostProcessorChecker : Bean 'springApplicationContextProvider' of type [io.seata.spring.boot.autoconfigure.provider.SpringApplicationContextProvider] is not eligible for getting processed by all BeanPostProcessors (for example: not eligible for auto-proxying)
12:57:01:922  INFO 58036 --- [main] trationDelegate$BeanPostProcessorChecker : Bean 'io.seata.spring.boot.autoconfigure.SeataAutoConfiguration' of type [io.seata.spring.boot.autoconfigure.SeataAutoConfiguration] is not eligible for getting processed by all BeanPostProcessors (for example: not eligible for auto-proxying)
12:57:01:982  INFO 58036 --- [main] trationDelegate$BeanPostProcessorChecker : Bean 'failureHandler' of type [io.seata.tm.api.DefaultFailureHandlerImpl] is not eligible for getting processed by all BeanPostProcessors (for example: not eligible for auto-proxying)
12:57:01:991  INFO 58036 --- [main] trationDelegate$BeanPostProcessorChecker : Bean 'org.springframework.cloud.commons.config.CommonsConfigAutoConfiguration' of type [org.springframework.cloud.commons.config.CommonsConfigAutoConfiguration] is not eligible for getting processed by all BeanPostProcessors (for example: not eligible for auto-proxying)
12:57:01:994  INFO 58036 --- [main] trationDelegate$BeanPostProcessorChecker : Bean 'org.springframework.cloud.client.loadbalancer.LoadBalancerDefaultMappingsProviderAutoConfiguration' of type [org.springframework.cloud.client.loadbalancer.LoadBalancerDefaultMappingsProviderAutoConfiguration] is not eligible for getting processed by all BeanPostProcessors (for example: not eligible for auto-proxying)
12:57:01:994  INFO 58036 --- [main] trationDelegate$BeanPostProcessorChecker : Bean 'loadBalancerClientsDefaultsMappingsProvider' of type [org.springframework.cloud.client.loadbalancer.LoadBalancerDefaultMappingsProviderAutoConfiguration$$Lambda$565/0x0000000800675c40] is not eligible for getting processed by all BeanPostProcessors (for example: not eligible for auto-proxying)
12:57:01:995  INFO 58036 --- [main] trationDelegate$BeanPostProcessorChecker : Bean 'defaultsBindHandlerAdvisor' of type [org.springframework.cloud.commons.config.DefaultsBindHandlerAdvisor] is not eligible for getting processed by all BeanPostProcessors (for example: not eligible for auto-proxying)
12:57:02:001  INFO 58036 --- [main] trationDelegate$BeanPostProcessorChecker : Bean 'springCloudAlibabaConfiguration' of type [io.seata.spring.boot.autoconfigure.properties.SpringCloudAlibabaConfiguration] is not eligible for getting processed by all BeanPostProcessors (for example: not eligible for auto-proxying)
12:57:02:004  INFO 58036 --- [main] trationDelegate$BeanPostProcessorChecker : Bean 'seataProperties' of type [io.seata.spring.boot.autoconfigure.properties.SeataProperties] is not eligible for getting processed by all BeanPostProcessors (for example: not eligible for auto-proxying)
12:57:02:009  INFO 58036 --- [main] i.s.s.b.a.SeataAutoConfiguration         : Automatically configure Seata
12:57:02:086  INFO 58036 --- [main] io.seata.config.ConfigurationFactory     : load Configuration from :Spring Configuration
12:57:02:095  INFO 58036 --- [main] io.seata.config.ConfigurationFactory     : load Configuration from :Spring Configuration
12:57:02:172  INFO 58036 --- [main] i.s.s.a.GlobalTransactionScanner         : Initializing Global Transaction Clients ... 
12:57:02:290  INFO 58036 --- [main] i.s.core.rpc.netty.NettyClientBootstrap  : NettyClientBootstrap has started
12:57:02:329 ERROR 58036 --- [main] i.s.c.r.netty.NettyClientChannelManager  : can not get cluster name in registry config 'service.vgroupMapping.default_tx_group', please make sure registry config correct
12:57:02:330  INFO 58036 --- [main] i.s.s.a.GlobalTransactionScanner         : Transaction Manager Client is initialized. applicationId[trade-service] txServiceGroup[default_tx_group]
12:57:02:346  INFO 58036 --- [main] io.seata.rm.datasource.AsyncWorker       : Async Commit Buffer Limit: 10000
12:57:02:347  INFO 58036 --- [main] i.s.rm.datasource.xa.ResourceManagerXA   : ResourceManagerXA init ...
12:57:02:359  INFO 58036 --- [main] i.s.core.rpc.netty.NettyClientBootstrap  : NettyClientBootstrap has started
12:57:02:359  INFO 58036 --- [main] i.s.s.a.GlobalTransactionScanner         : Resource Manager is initialized. applicationId[trade-service] txServiceGroup[default_tx_group]
12:57:02:359  INFO 58036 --- [main] i.s.s.a.GlobalTransactionScanner         : Global Transaction Clients are initialized. 
12:57:02:362  INFO 58036 --- [main] trationDelegate$BeanPostProcessorChecker : Bean 'io.seata.spring.boot.autoconfigure.SeataDataSourceAutoConfiguration' of type [io.seata.spring.boot.autoconfigure.SeataDataSourceAutoConfiguration] is not eligible for getting processed by all BeanPostProcessors (for example: not eligible for auto-proxying)
12:57:02:484  INFO 58036 --- [main] trationDelegate$BeanPostProcessorChecker : Bean 'com.alibaba.cloud.seata.feign.SeataFeignClientAutoConfiguration$FeignBeanPostProcessorConfiguration' of type [com.alibaba.cloud.seata.feign.SeataFeignClientAutoConfiguration$FeignBeanPostProcessorConfiguration] is not eligible for getting processed by all BeanPostProcessors (for example: not eligible for auto-proxying)
12:57:02:489  INFO 58036 --- [main] trationDelegate$BeanPostProcessorChecker : Bean 'seataFeignObjectWrapper' of type [com.alibaba.cloud.seata.feign.SeataFeignObjectWrapper] is not eligible for getting processed by all BeanPostProcessors (for example: not eligible for auto-proxying)
12:57:02:819  INFO 58036 --- [main] o.s.b.w.embedded.tomcat.TomcatWebServer  : Tomcat initialized with port(s): 8084 (http)
12:57:02:833  INFO 58036 --- [main] o.apache.catalina.core.StandardService   : Starting service [Tomcat]
12:57:02:833  INFO 58036 --- [main] org.apache.catalina.core.StandardEngine  : Starting Servlet engine: [Apache Tomcat/9.0.75]
12:57:03:042  INFO 58036 --- [main] o.a.c.c.C.[Tomcat].[localhost].[/]       : Initializing Spring embedded WebApplicationContext
12:57:03:043  INFO 58036 --- [main] w.s.c.ServletWebServerApplicationContext : Root WebApplicationContext: initialization completed in 2801 ms
12:57:03:223  WARN 58036 --- [main] ConfigServletWebServerApplicationContext : Exception encountered during context initialization - cancelling refresh attempt: org.springframework.beans.factory.UnsatisfiedDependencyException: Error creating bean with name 'orderController' defined in file [D:\IdeaProjects\Microservices\day03\hmall\trade-service\target\classes\com\hmall\trade\controller\OrderController.class]: Unsatisfied dependency expressed through constructor parameter 0; nested exception is org.springframework.beans.factory.UnsatisfiedDependencyException: Error creating bean with name 'orderServiceImpl' defined in file [D:\IdeaProjects\Microservices\day03\hmall\trade-service\target\classes\com\hmall\trade\service\impl\OrderServiceImpl.class]: Unsatisfied dependency expressed through constructor parameter 0; nested exception is org.springframework.beans.factory.UnsatisfiedDependencyException: Error creating bean with name 'orderDetailServiceImpl': Unsatisfied dependency expressed through field 'baseMapper'; nested exception is org.springframework.beans.factory.UnsatisfiedDependencyException: Error creating bean with name 'orderDetailMapper' defined in file [D:\IdeaProjects\Microservices\day03\hmall\trade-service\target\classes\com\hmall\trade\mapper\OrderDetailMapper.class]: Unsatisfied dependency expressed through bean property 'sqlSessionFactory'; nested exception is org.springframework.beans.factory.UnsatisfiedDependencyException: Error creating bean with name 'sqlSessionFactory' defined in class path resource [com/baomidou/mybatisplus/autoconfigure/MybatisPlusAutoConfiguration.class]: Unsatisfied dependency expressed through method 'sqlSessionFactory' parameter 0; nested exception is org.springframework.beans.factory.BeanCreationException: Error creating bean with name 'dataSource' defined in class path resource [org/springframework/boot/autoconfigure/jdbc/DataSourceConfiguration$Hikari.class]: Bean instantiation via factory method failed; nested exception is org.springframework.beans.BeanInstantiationException: Failed to instantiate [com.zaxxer.hikari.HikariDataSource]: Factory method 'dataSource' threw exception; nested exception is org.springframework.boot.autoconfigure.jdbc.DataSourceProperties$DataSourceBeanCreationException: Failed to determine a suitable driver class
12:57:03:266  INFO 58036 --- [main] o.apache.catalina.core.StandardService   : Stopping service [Tomcat]
12:57:03:304  INFO 58036 --- [main] ConditionEvaluationReportLoggingListener : 

Error starting ApplicationContext. To display the conditions report re-run your application with 'debug' enabled.
12:57:03:331 ERROR 58036 --- [main] o.s.b.d.LoggingFailureAnalysisReporter   : 

***************************
APPLICATION FAILED TO START
***************************

Description:

Failed to configure a DataSource: 'url' attribute is not specified and no embedded datasource could be configured.

Reason: Failed to determine a suitable driver class


Action:

Consider the following:
	If you want an embedded database (H2, HSQL or Derby), please put it on the classpath.
	If you have database settings to be loaded from a particular profile you may need to activate it (the profiles local are currently active).

12:57:03:334  WARN 58036 --- [Thread-5] c.a.nacos.common.notify.NotifyCenter     : [NotifyCenter] Start destroying Publisher
12:57:03:334  WARN 58036 --- [Thread-1] c.a.n.common.http.HttpClientBeanHolder   : [HttpClientBeanHolder] Start destroying common HttpClient
14:58:34:166  INFO 51616 --- [main] com.hmall.trade.TradeApplication         : The following 1 profile is active: "local"
14:58:35:616  INFO 51616 --- [main] o.s.cloud.context.scope.GenericScope     : BeanFactory id=5bb5298d-0c88-35b6-a332-2eabbd393d01
14:58:35:712  INFO 51616 --- [main] trationDelegate$BeanPostProcessorChecker : Bean 'io.seata.spring.boot.autoconfigure.SeataCoreAutoConfiguration' of type [io.seata.spring.boot.autoconfigure.SeataCoreAutoConfiguration] is not eligible for getting processed by all BeanPostProcessors (for example: not eligible for auto-proxying)
14:58:35:713  INFO 51616 --- [main] trationDelegate$BeanPostProcessorChecker : Bean 'springApplicationContextProvider' of type [io.seata.spring.boot.autoconfigure.provider.SpringApplicationContextProvider] is not eligible for getting processed by all BeanPostProcessors (for example: not eligible for auto-proxying)
14:58:35:713  INFO 51616 --- [main] trationDelegate$BeanPostProcessorChecker : Bean 'io.seata.spring.boot.autoconfigure.SeataAutoConfiguration' of type [io.seata.spring.boot.autoconfigure.SeataAutoConfiguration] is not eligible for getting processed by all BeanPostProcessors (for example: not eligible for auto-proxying)
14:58:35:760  INFO 51616 --- [main] trationDelegate$BeanPostProcessorChecker : Bean 'failureHandler' of type [io.seata.tm.api.DefaultFailureHandlerImpl] is not eligible for getting processed by all BeanPostProcessors (for example: not eligible for auto-proxying)
14:58:35:767  INFO 51616 --- [main] trationDelegate$BeanPostProcessorChecker : Bean 'org.springframework.cloud.commons.config.CommonsConfigAutoConfiguration' of type [org.springframework.cloud.commons.config.CommonsConfigAutoConfiguration] is not eligible for getting processed by all BeanPostProcessors (for example: not eligible for auto-proxying)
14:58:35:769  INFO 51616 --- [main] trationDelegate$BeanPostProcessorChecker : Bean 'org.springframework.cloud.client.loadbalancer.LoadBalancerDefaultMappingsProviderAutoConfiguration' of type [org.springframework.cloud.client.loadbalancer.LoadBalancerDefaultMappingsProviderAutoConfiguration] is not eligible for getting processed by all BeanPostProcessors (for example: not eligible for auto-proxying)
14:58:35:770  INFO 51616 --- [main] trationDelegate$BeanPostProcessorChecker : Bean 'loadBalancerClientsDefaultsMappingsProvider' of type [org.springframework.cloud.client.loadbalancer.LoadBalancerDefaultMappingsProviderAutoConfiguration$$Lambda$565/0x000000080067f040] is not eligible for getting processed by all BeanPostProcessors (for example: not eligible for auto-proxying)
14:58:35:771  INFO 51616 --- [main] trationDelegate$BeanPostProcessorChecker : Bean 'defaultsBindHandlerAdvisor' of type [org.springframework.cloud.commons.config.DefaultsBindHandlerAdvisor] is not eligible for getting processed by all BeanPostProcessors (for example: not eligible for auto-proxying)
14:58:35:775  INFO 51616 --- [main] trationDelegate$BeanPostProcessorChecker : Bean 'springCloudAlibabaConfiguration' of type [io.seata.spring.boot.autoconfigure.properties.SpringCloudAlibabaConfiguration] is not eligible for getting processed by all BeanPostProcessors (for example: not eligible for auto-proxying)
14:58:35:779  INFO 51616 --- [main] trationDelegate$BeanPostProcessorChecker : Bean 'seataProperties' of type [io.seata.spring.boot.autoconfigure.properties.SeataProperties] is not eligible for getting processed by all BeanPostProcessors (for example: not eligible for auto-proxying)
14:58:35:783  INFO 51616 --- [main] i.s.s.b.a.SeataAutoConfiguration         : Automatically configure Seata
14:58:35:858  INFO 51616 --- [main] io.seata.config.ConfigurationFactory     : load Configuration from :Spring Configuration
14:58:35:865  INFO 51616 --- [main] io.seata.config.ConfigurationFactory     : load Configuration from :Spring Configuration
14:58:35:958  INFO 51616 --- [main] i.s.s.a.GlobalTransactionScanner         : Initializing Global Transaction Clients ... 
14:58:36:037  INFO 51616 --- [main] i.s.core.rpc.netty.NettyClientBootstrap  : NettyClientBootstrap has started
14:58:37:658  INFO 51616 --- [main] com.alibaba.nacos.common.remote.client   : [RpcClientFactory] create a new rpc client of 13132cc5-b230-40ea-9b9a-09d504b77c31
14:58:37:659  INFO 51616 --- [main] com.alibaba.nacos.common.remote.client   : [13132cc5-b230-40ea-9b9a-09d504b77c31] RpcClient init label, labels = {module=naming, source=sdk}
14:58:37:662  INFO 51616 --- [main] com.alibaba.nacos.common.remote.client   : [13132cc5-b230-40ea-9b9a-09d504b77c31] RpcClient init, ServerListFactory = com.alibaba.nacos.client.naming.core.ServerListManager
14:58:37:662  INFO 51616 --- [main] com.alibaba.nacos.common.remote.client   : [13132cc5-b230-40ea-9b9a-09d504b77c31] Registry connection listener to current client:com.alibaba.nacos.client.naming.remote.gprc.redo.NamingGrpcRedoService
14:58:37:662  INFO 51616 --- [main] com.alibaba.nacos.common.remote.client   : [13132cc5-b230-40ea-9b9a-09d504b77c31] Register server push request handler:com.alibaba.nacos.client.naming.remote.gprc.NamingPushRequestHandler
14:58:37:663  INFO 51616 --- [main] com.alibaba.nacos.common.remote.client   : [13132cc5-b230-40ea-9b9a-09d504b77c31] Try to connect to server on start up, server: {serverIp = '192.168.200.130', server main port = 8848}
14:58:37:824  INFO 51616 --- [main] com.alibaba.nacos.common.remote.client   : [13132cc5-b230-40ea-9b9a-09d504b77c31] Success to connect to server [192.168.200.130:8848] on start up, connectionId = 1757746717519_192.168.200.1_54231
14:58:37:825  INFO 51616 --- [main] com.alibaba.nacos.common.remote.client   : [13132cc5-b230-40ea-9b9a-09d504b77c31] Register server push request handler:com.alibaba.nacos.common.remote.client.RpcClient$ConnectResetRequestHandler
14:58:37:825  INFO 51616 --- [main] com.alibaba.nacos.common.remote.client   : [13132cc5-b230-40ea-9b9a-09d504b77c31] Register server push request handler:com.alibaba.nacos.common.remote.client.RpcClient$$Lambda$472/0x0000000800466040
14:58:37:825  INFO 51616 --- [com.alibaba.nacos.client.remote.worker] com.alibaba.nacos.common.remote.client   : [13132cc5-b230-40ea-9b9a-09d504b77c31] Notify connected event to listeners.
14:58:37:963  INFO 51616 --- [main] i.s.c.r.netty.NettyClientChannelManager  : will connect to 192.168.200.130:8099
14:58:38:188  INFO 51616 --- [main] i.s.core.rpc.netty.NettyPoolableFactory  : NettyPool create channel to transactionRole:TMROLE,address:192.168.200.130:8099,msg:< RegisterTMRequest{applicationId='trade-service', transactionServiceGroup='hmall'} >
14:58:38:575  INFO 51616 --- [nacos-grpc-client-executor-6] com.alibaba.nacos.common.remote.client   : [13132cc5-b230-40ea-9b9a-09d504b77c31] Receive server push request, request = NotifySubscriberRequest, requestId = 9
14:58:38:594  INFO 51616 --- [nacos-grpc-client-executor-6] com.alibaba.nacos.common.remote.client   : [13132cc5-b230-40ea-9b9a-09d504b77c31] Ack server push request, request = NotifySubscriberRequest, requestId = 9
14:58:41:974  INFO 51616 --- [main] i.s.c.rpc.netty.TmNettyRemotingClient    : register TM success. client version:1.5.2, server version:1.5.2,channel:[id: 0x3937adf3, L:/192.168.200.1:54235 - R:/192.168.200.130:8099]
14:58:41:981  INFO 51616 --- [main] i.s.core.rpc.netty.NettyPoolableFactory  : register success, cost 3377 ms, version:1.5.2,role:TMROLE,channel:[id: 0x3937adf3, L:/192.168.200.1:54235 - R:/192.168.200.130:8099]
14:58:41:982  INFO 51616 --- [main] i.s.s.a.GlobalTransactionScanner         : Transaction Manager Client is initialized. applicationId[trade-service] txServiceGroup[hmall]
14:58:41:998  INFO 51616 --- [main] io.seata.rm.datasource.AsyncWorker       : Async Commit Buffer Limit: 10000
14:58:42:000  INFO 51616 --- [main] i.s.rm.datasource.xa.ResourceManagerXA   : ResourceManagerXA init ...
14:58:42:014  INFO 51616 --- [main] i.s.core.rpc.netty.NettyClientBootstrap  : NettyClientBootstrap has started
14:58:42:015  INFO 51616 --- [main] i.s.s.a.GlobalTransactionScanner         : Resource Manager is initialized. applicationId[trade-service] txServiceGroup[hmall]
14:58:42:015  INFO 51616 --- [main] i.s.s.a.GlobalTransactionScanner         : Global Transaction Clients are initialized. 
14:58:42:018  INFO 51616 --- [main] trationDelegate$BeanPostProcessorChecker : Bean 'io.seata.spring.boot.autoconfigure.SeataDataSourceAutoConfiguration' of type [io.seata.spring.boot.autoconfigure.SeataDataSourceAutoConfiguration] is not eligible for getting processed by all BeanPostProcessors (for example: not eligible for auto-proxying)
14:58:42:159  INFO 51616 --- [main] trationDelegate$BeanPostProcessorChecker : Bean 'com.alibaba.cloud.seata.feign.SeataFeignClientAutoConfiguration$FeignBeanPostProcessorConfiguration' of type [com.alibaba.cloud.seata.feign.SeataFeignClientAutoConfiguration$FeignBeanPostProcessorConfiguration] is not eligible for getting processed by all BeanPostProcessors (for example: not eligible for auto-proxying)
14:58:42:162  INFO 51616 --- [main] trationDelegate$BeanPostProcessorChecker : Bean 'seataFeignObjectWrapper' of type [com.alibaba.cloud.seata.feign.SeataFeignObjectWrapper] is not eligible for getting processed by all BeanPostProcessors (for example: not eligible for auto-proxying)
14:58:42:540  INFO 51616 --- [main] o.s.b.w.embedded.tomcat.TomcatWebServer  : Tomcat initialized with port(s): 8084 (http)
14:58:42:556  INFO 51616 --- [main] o.apache.catalina.core.StandardService   : Starting service [Tomcat]
14:58:42:556  INFO 51616 --- [main] org.apache.catalina.core.StandardEngine  : Starting Servlet engine: [Apache Tomcat/9.0.75]
14:58:42:875  INFO 51616 --- [main] o.a.c.c.C.[Tomcat].[localhost].[/]       : Initializing Spring embedded WebApplicationContext
14:58:42:876  INFO 51616 --- [main] w.s.c.ServletWebServerApplicationContext : Root WebApplicationContext: initialization completed in 8684 ms
14:58:43:029  WARN 51616 --- [main] ConfigServletWebServerApplicationContext : Exception encountered during context initialization - cancelling refresh attempt: org.springframework.beans.factory.UnsatisfiedDependencyException: Error creating bean with name 'orderController' defined in file [D:\IdeaProjects\Microservices\day03\hmall\trade-service\target\classes\com\hmall\trade\controller\OrderController.class]: Unsatisfied dependency expressed through constructor parameter 0; nested exception is org.springframework.beans.factory.UnsatisfiedDependencyException: Error creating bean with name 'orderServiceImpl' defined in file [D:\IdeaProjects\Microservices\day03\hmall\trade-service\target\classes\com\hmall\trade\service\impl\OrderServiceImpl.class]: Unsatisfied dependency expressed through constructor parameter 0; nested exception is org.springframework.beans.factory.UnsatisfiedDependencyException: Error creating bean with name 'orderDetailServiceImpl': Unsatisfied dependency expressed through field 'baseMapper'; nested exception is org.springframework.beans.factory.UnsatisfiedDependencyException: Error creating bean with name 'orderDetailMapper' defined in file [D:\IdeaProjects\Microservices\day03\hmall\trade-service\target\classes\com\hmall\trade\mapper\OrderDetailMapper.class]: Unsatisfied dependency expressed through bean property 'sqlSessionFactory'; nested exception is org.springframework.beans.factory.UnsatisfiedDependencyException: Error creating bean with name 'sqlSessionFactory' defined in class path resource [com/baomidou/mybatisplus/autoconfigure/MybatisPlusAutoConfiguration.class]: Unsatisfied dependency expressed through method 'sqlSessionFactory' parameter 0; nested exception is org.springframework.beans.factory.BeanCreationException: Error creating bean with name 'dataSource' defined in class path resource [org/springframework/boot/autoconfigure/jdbc/DataSourceConfiguration$Hikari.class]: Bean instantiation via factory method failed; nested exception is org.springframework.beans.BeanInstantiationException: Failed to instantiate [com.zaxxer.hikari.HikariDataSource]: Factory method 'dataSource' threw exception; nested exception is org.springframework.boot.autoconfigure.jdbc.DataSourceProperties$DataSourceBeanCreationException: Failed to determine a suitable driver class
14:58:43:032  INFO 51616 --- [NettyClientSelector_TMROLE_1_1] i.s.c.r.n.AbstractNettyRemotingClient    : channel inactive: [id: 0x3937adf3, L:/192.168.200.1:54235 ! R:/192.168.200.130:8099]
14:58:43:032  INFO 51616 --- [NettyClientSelector_TMROLE_1_1] i.s.c.r.netty.NettyClientChannelManager  : return to pool, rm channel:[id: 0x3937adf3, L:/192.168.200.1:54235 ! R:/192.168.200.130:8099]
14:58:43:032  INFO 51616 --- [NettyClientSelector_TMROLE_1_1] i.s.core.rpc.netty.NettyPoolableFactory  : channel valid false,channel:[id: 0x3937adf3, L:/192.168.200.1:54235 ! R:/192.168.200.130:8099]
14:58:43:034  INFO 51616 --- [NettyClientSelector_TMROLE_1_1] i.s.core.rpc.netty.NettyPoolableFactory  : will destroy channel:[id: 0x3937adf3, L:/192.168.200.1:54235 ! R:/192.168.200.130:8099]
14:58:43:034  INFO 51616 --- [NettyClientSelector_TMROLE_1_1] i.s.c.r.n.AbstractNettyRemotingClient    : ChannelHandlerContext(AbstractNettyRemotingClient$ClientHandler#0, [id: 0x3937adf3, L:/192.168.200.1:54235 ! R:/192.168.200.130:8099]) will closed
14:58:43:035  INFO 51616 --- [NettyClientSelector_TMROLE_1_1] i.s.c.r.n.AbstractNettyRemotingClient    : ChannelHandlerContext(AbstractNettyRemotingClient$ClientHandler#0, [id: 0x3937adf3, L:/192.168.200.1:54235 ! R:/192.168.200.130:8099]) will closed
14:58:43:056  INFO 51616 --- [main] o.apache.catalina.core.StandardService   : Stopping service [Tomcat]
14:58:43:095  INFO 51616 --- [main] ConditionEvaluationReportLoggingListener : 

Error starting ApplicationContext. To display the conditions report re-run your application with 'debug' enabled.
14:58:43:125 ERROR 51616 --- [main] o.s.b.d.LoggingFailureAnalysisReporter   : 

***************************
APPLICATION FAILED TO START
***************************

Description:

Failed to configure a DataSource: 'url' attribute is not specified and no embedded datasource could be configured.

Reason: Failed to determine a suitable driver class


Action:

Consider the following:
	If you want an embedded database (H2, HSQL or Derby), please put it on the classpath.
	If you have database settings to be loaded from a particular profile you may need to activate it (the profiles local are currently active).

14:58:43:128  WARN 51616 --- [Thread-5] c.a.nacos.common.notify.NotifyCenter     : [NotifyCenter] Start destroying Publisher
14:58:43:128  WARN 51616 --- [Thread-5] c.a.nacos.common.notify.NotifyCenter     : [NotifyCenter] Destruction of the end
14:58:43:130  WARN 51616 --- [Thread-1] c.a.n.common.http.HttpClientBeanHolder   : [HttpClientBeanHolder] Start destroying common HttpClient
